2025-04-08 22:50:42,561 - app - ERROR - OpenCage API key not found in environment variables!
2025-04-08 22:50:42,586 - werkzeug - INFO - [31m[1mWARNING: This is a development server. Do not use it in a production deployment. Use a production WSGI server instead.[0m
 * Running on http://127.0.0.1:5000
2025-04-08 22:50:42,587 - werkzeug - INFO - [33mPress CTRL+C to quit[0m
2025-04-08 22:50:50,553 - werkzeug - INFO - 127.0.0.1 - - [08/Apr/2025 22:50:50] "GET / HTTP/1.1" 200 -
2025-04-08 22:54:04,211 - werkzeug - INFO - 127.0.0.1 - - [08/Apr/2025 22:54:04] "POST /generate_routes HTTP/1.1" 200 -
2025-04-08 22:54:04,491 - werkzeug - INFO - 127.0.0.1 - - [08/Apr/2025 22:54:04] "GET /static/map/routes_map_702106e2-3b20-4d9d-80ea-b12b64157e6b.html HTTP/1.1" 200 -
2025-04-08 22:56:43,181 - werkzeug - INFO - 127.0.0.1 - - [08/Apr/2025 22:56:43] "GET / HTTP/1.1" 200 -
2025-04-08 22:56:52,251 - werkzeug - INFO - 127.0.0.1 - - [08/Apr/2025 22:56:52] "POST /update_map HTTP/1.1" 200 -
2025-04-09 02:06:29,746 - app - ERROR - OpenCage API key not found in environment variables!
2025-04-09 02:06:29,753 - werkzeug - INFO - [31m[1mWARNING: This is a development server. Do not use it in a production deployment. Use a production WSGI server instead.[0m
 * Running on http://127.0.0.1:5000
2025-04-09 02:06:29,753 - werkzeug - INFO - [33mPress CTRL+C to quit[0m
2025-04-09 02:06:40,101 - werkzeug - INFO - 127.0.0.1 - - [09/Apr/2025 02:06:40] "GET / HTTP/1.1" 200 -
2025-04-09 02:06:40,480 - werkzeug - INFO - 127.0.0.1 - - [09/Apr/2025 02:06:40] "[33mGET /favicon.ico HTTP/1.1[0m" 404 -
2025-04-09 02:08:32,166 - werkzeug - INFO - 127.0.0.1 - - [09/Apr/2025 02:08:32] "POST /generate_routes HTTP/1.1" 200 -
2025-04-09 02:08:32,555 - werkzeug - INFO - 127.0.0.1 - - [09/Apr/2025 02:08:32] "GET /static/map/routes_map_8ef094e9-f634-4c7e-9d75-2ad9ed3fae4a.html HTTP/1.1" 200 -
2025-04-09 02:09:14,411 - werkzeug - INFO - 127.0.0.1 - - [09/Apr/2025 02:09:14] "GET / HTTP/1.1" 200 -
2025-04-09 02:11:03,261 - werkzeug - INFO - 127.0.0.1 - - [09/Apr/2025 02:11:03] "POST /generate_routes HTTP/1.1" 200 -
2025-04-09 02:11:03,443 - werkzeug - INFO - 127.0.0.1 - - [09/Apr/2025 02:11:03] "GET /static/map/routes_map_8ef094e9-f634-4c7e-9d75-2ad9ed3fae4a.html HTTP/1.1" 200 -
2025-04-09 10:32:30,839 - app - ERROR - OpenCage API key not found in environment variables!
2025-04-09 10:32:30,867 - werkzeug - INFO - [31m[1mWARNING: This is a development server. Do not use it in a production deployment. Use a production WSGI server instead.[0m
 * Running on http://127.0.0.1:5000
2025-04-09 10:32:30,867 - werkzeug - INFO - [33mPress CTRL+C to quit[0m
2025-04-09 10:32:41,066 - werkzeug - INFO - 127.0.0.1 - - [09/Apr/2025 10:32:41] "GET / HTTP/1.1" 200 -
2025-04-09 10:32:41,214 - werkzeug - INFO - 127.0.0.1 - - [09/Apr/2025 10:32:41] "[33mGET /favicon.ico HTTP/1.1[0m" 404 -
2025-04-09 10:32:52,412 - backoff - INFO - Backing off _opencage_request(...) for 0.5s (requests.exceptions.SSLError: HTTPSConnectionPool(host='api.opencagedata.com', port=443): Max retries exceeded with url: /geocode/v1/json?q=katraj&key=5fab302a78434c22b7424b380952c6cd (Caused by SSLError(SSLCertVerificationError(1, '[SSL: CERTIFICATE_VERIFY_FAILED] certificate verify failed: self signed certificate in certificate chain (_ssl.c:1002)'))))
2025-04-09 10:32:53,018 - backoff - INFO - Backing off _opencage_request(...) for 1.1s (requests.exceptions.SSLError: HTTPSConnectionPool(host='api.opencagedata.com', port=443): Max retries exceeded with url: /geocode/v1/json?q=katraj&key=5fab302a78434c22b7424b380952c6cd (Caused by SSLError(SSLCertVerificationError(1, '[SSL: CERTIFICATE_VERIFY_FAILED] certificate verify failed: self signed certificate in certificate chain (_ssl.c:1002)'))))
2025-04-09 10:32:54,215 - backoff - INFO - Backing off _opencage_request(...) for 3.4s (requests.exceptions.SSLError: HTTPSConnectionPool(host='api.opencagedata.com', port=443): Max retries exceeded with url: /geocode/v1/json?q=katraj&key=5fab302a78434c22b7424b380952c6cd (Caused by SSLError(SSLCertVerificationError(1, '[SSL: CERTIFICATE_VERIFY_FAILED] certificate verify failed: self signed certificate in certificate chain (_ssl.c:1002)'))))
2025-04-09 10:32:57,857 - backoff - INFO - Backing off _opencage_request(...) for 1.9s (requests.exceptions.SSLError: HTTPSConnectionPool(host='api.opencagedata.com', port=443): Max retries exceeded with url: /geocode/v1/json?q=katraj&key=5fab302a78434c22b7424b380952c6cd (Caused by SSLError(SSLCertVerificationError(1, '[SSL: CERTIFICATE_VERIFY_FAILED] certificate verify failed: self signed certificate in certificate chain (_ssl.c:1002)'))))
2025-04-09 10:32:59,882 - backoff - ERROR - Giving up _opencage_request(...) after 5 tries (requests.exceptions.SSLError: HTTPSConnectionPool(host='api.opencagedata.com', port=443): Max retries exceeded with url: /geocode/v1/json?q=katraj&key=5fab302a78434c22b7424b380952c6cd (Caused by SSLError(SSLCertVerificationError(1, '[SSL: CERTIFICATE_VERIFY_FAILED] certificate verify failed: self signed certificate in certificate chain (_ssl.c:1002)'))))
2025-04-09 10:32:59,884 - app - ERROR - Geocoding error: HTTPSConnectionPool(host='api.opencagedata.com', port=443): Max retries exceeded with url: /geocode/v1/json?q=katraj&key=5fab302a78434c22b7424b380952c6cd (Caused by SSLError(SSLCertVerificationError(1, '[SSL: CERTIFICATE_VERIFY_FAILED] certificate verify failed: self signed certificate in certificate chain (_ssl.c:1002)')))
2025-04-09 10:32:59,986 - backoff - INFO - Backing off _opencage_request(...) for 0.8s (requests.exceptions.SSLError: HTTPSConnectionPool(host='api.opencagedata.com', port=443): Max retries exceeded with url: /geocode/v1/json?q=bibwewadi&key=5fab302a78434c22b7424b380952c6cd (Caused by SSLError(SSLCertVerificationError(1, '[SSL: CERTIFICATE_VERIFY_FAILED] certificate verify failed: self signed certificate in certificate chain (_ssl.c:1002)'))))
2025-04-09 10:33:01,002 - backoff - INFO - Backing off _opencage_request(...) for 0.6s (requests.exceptions.SSLError: HTTPSConnectionPool(host='api.opencagedata.com', port=443): Max retries exceeded with url: /geocode/v1/json?q=bibwewadi&key=5fab302a78434c22b7424b380952c6cd (Caused by SSLError(SSLCertVerificationError(1, '[SSL: CERTIFICATE_VERIFY_FAILED] certificate verify failed: self signed certificate in certificate chain (_ssl.c:1002)'))))
2025-04-09 10:33:01,739 - backoff - INFO - Backing off _opencage_request(...) for 3.1s (requests.exceptions.SSLError: HTTPSConnectionPool(host='api.opencagedata.com', port=443): Max retries exceeded with url: /geocode/v1/json?q=bibwewadi&key=5fab302a78434c22b7424b380952c6cd (Caused by SSLError(SSLCertVerificationError(1, '[SSL: CERTIFICATE_VERIFY_FAILED] certificate verify failed: self signed certificate in certificate chain (_ssl.c:1002)'))))
2025-04-09 10:33:05,020 - backoff - INFO - Backing off _opencage_request(...) for 0.0s (requests.exceptions.SSLError: HTTPSConnectionPool(host='api.opencagedata.com', port=443): Max retries exceeded with url: /geocode/v1/json?q=bibwewadi&key=5fab302a78434c22b7424b380952c6cd (Caused by SSLError(SSLCertVerificationError(1, '[SSL: CERTIFICATE_VERIFY_FAILED] certificate verify failed: self signed certificate in certificate chain (_ssl.c:1002)'))))
2025-04-09 10:33:05,107 - backoff - ERROR - Giving up _opencage_request(...) after 5 tries (requests.exceptions.SSLError: HTTPSConnectionPool(host='api.opencagedata.com', port=443): Max retries exceeded with url: /geocode/v1/json?q=bibwewadi&key=5fab302a78434c22b7424b380952c6cd (Caused by SSLError(SSLCertVerificationError(1, '[SSL: CERTIFICATE_VERIFY_FAILED] certificate verify failed: self signed certificate in certificate chain (_ssl.c:1002)'))))
2025-04-09 10:33:05,108 - app - ERROR - Geocoding error: HTTPSConnectionPool(host='api.opencagedata.com', port=443): Max retries exceeded with url: /geocode/v1/json?q=bibwewadi&key=5fab302a78434c22b7424b380952c6cd (Caused by SSLError(SSLCertVerificationError(1, '[SSL: CERTIFICATE_VERIFY_FAILED] certificate verify failed: self signed certificate in certificate chain (_ssl.c:1002)')))
2025-04-09 10:33:05,112 - werkzeug - INFO - 127.0.0.1 - - [09/Apr/2025 10:33:05] "[32mPOST /generate_routes HTTP/1.1[0m" 302 -
2025-04-09 10:33:05,147 - werkzeug - INFO - 127.0.0.1 - - [09/Apr/2025 10:33:05] "GET / HTTP/1.1" 200 -
2025-04-09 10:35:23,987 - werkzeug - INFO - 127.0.0.1 - - [09/Apr/2025 10:35:23] "POST /generate_routes HTTP/1.1" 200 -
2025-04-09 10:35:24,303 - werkzeug - INFO - 127.0.0.1 - - [09/Apr/2025 10:35:24] "GET /static/map/routes_map_51e4e7f0-0ecf-4a84-bad5-ab8a8d4cf2ae.html HTTP/1.1" 200 -
2025-04-09 10:37:12,799 - werkzeug - INFO - 127.0.0.1 - - [09/Apr/2025 10:37:12] "POST /update_map HTTP/1.1" 200 -
2025-04-09 10:37:12,955 - werkzeug - INFO - 127.0.0.1 - - [09/Apr/2025 10:37:12] "GET /static/map/routes_map_51e4e7f0-0ecf-4a84-bad5-ab8a8d4cf2ae.html HTTP/1.1" 200 -
2025-04-09 10:38:09,894 - werkzeug - INFO - 127.0.0.1 - - [09/Apr/2025 10:38:09] "POST /update_map HTTP/1.1" 200 -
2025-04-09 10:38:10,012 - werkzeug - INFO - 127.0.0.1 - - [09/Apr/2025 10:38:10] "GET /static/map/routes_map_51e4e7f0-0ecf-4a84-bad5-ab8a8d4cf2ae.html HTTP/1.1" 200 -
2025-04-09 10:41:50,995 - werkzeug - INFO - 127.0.0.1 - - [09/Apr/2025 10:41:50] "POST /update_map HTTP/1.1" 200 -
2025-04-09 10:41:51,183 - werkzeug - INFO - 127.0.0.1 - - [09/Apr/2025 10:41:51] "GET /static/map/routes_map_51e4e7f0-0ecf-4a84-bad5-ab8a8d4cf2ae.html HTTP/1.1" 200 -
2025-04-09 10:44:19,323 - werkzeug - INFO - 127.0.0.1 - - [09/Apr/2025 10:44:19] "POST /update_map HTTP/1.1" 200 -
2025-04-09 10:44:19,620 - werkzeug - INFO - 127.0.0.1 - - [09/Apr/2025 10:44:19] "GET /static/map/routes_map_51e4e7f0-0ecf-4a84-bad5-ab8a8d4cf2ae.html HTTP/1.1" 200 -
2025-04-09 10:45:14,122 - werkzeug - INFO - 127.0.0.1 - - [09/Apr/2025 10:45:14] "GET / HTTP/1.1" 200 -
2025-04-09 11:05:58,052 - werkzeug - INFO - 127.0.0.1 - - [09/Apr/2025 11:05:58] "POST /generate_routes HTTP/1.1" 200 -
2025-04-09 11:05:58,298 - werkzeug - INFO - 127.0.0.1 - - [09/Apr/2025 11:05:58] "GET /static/map/routes_map_51e4e7f0-0ecf-4a84-bad5-ab8a8d4cf2ae.html HTTP/1.1" 200 -
2025-04-09 11:07:14,972 - werkzeug - INFO - 127.0.0.1 - - [09/Apr/2025 11:07:14] "POST /update_map HTTP/1.1" 200 -
2025-04-09 11:07:15,226 - werkzeug - INFO - 127.0.0.1 - - [09/Apr/2025 11:07:15] "GET /static/map/routes_map_51e4e7f0-0ecf-4a84-bad5-ab8a8d4cf2ae.html HTTP/1.1" 200 -
2025-04-09 11:23:38,721 - werkzeug - INFO - 127.0.0.1 - - [09/Apr/2025 11:23:38] "POST /update_map HTTP/1.1" 200 -
2025-04-09 11:23:39,330 - werkzeug - INFO - 127.0.0.1 - - [09/Apr/2025 11:23:39] "GET /static/map/routes_map_51e4e7f0-0ecf-4a84-bad5-ab8a8d4cf2ae.html HTTP/1.1" 200 -
2025-04-09 11:27:33,300 - werkzeug - INFO - 127.0.0.1 - - [09/Apr/2025 11:27:33] "POST /update_map HTTP/1.1" 200 -
2025-04-09 11:27:33,585 - werkzeug - INFO - 127.0.0.1 - - [09/Apr/2025 11:27:33] "GET /static/map/routes_map_51e4e7f0-0ecf-4a84-bad5-ab8a8d4cf2ae.html HTTP/1.1" 200 -
2025-04-09 11:48:13,421 - werkzeug - INFO - [31m[1mWARNING: This is a development server. Do not use it in a production deployment. Use a production WSGI server instead.[0m
 * Running on http://127.0.0.1:5000
2025-04-09 11:48:13,422 - werkzeug - INFO - [33mPress CTRL+C to quit[0m
2025-09-17 01:41:41,469 - werkzeug - INFO -  * Restarting with stat
2025-09-17 01:41:47,149 - werkzeug - WARNING -  * Debugger is active!
2025-09-17 01:41:47,151 - werkzeug - INFO -  * Debugger PIN: 872-277-736
2025-09-17 01:41:47,361 - werkzeug - INFO -  * Running on http://127.0.0.1:5000/ (Press CTRL+C to quit)
2025-09-17 01:41:58,546 - werkzeug - INFO - 127.0.0.1 - - [17/Sep/2025 01:41:58] "GET / HTTP/1.1" 200 -
2025-09-17 01:41:59,128 - werkzeug - INFO - 127.0.0.1 - - [17/Sep/2025 01:41:59] "[33mGET /favicon.ico HTTP/1.1[0m" 404 -
2025-09-17 01:44:20,604 - werkzeug - INFO -  * Restarting with stat
2025-09-17 01:44:26,785 - werkzeug - WARNING -  * Debugger is active!
2025-09-17 01:44:26,789 - werkzeug - INFO -  * Debugger PIN: 872-277-736
2025-09-17 01:44:26,972 - werkzeug - INFO -  * Running on http://127.0.0.1:5000/ (Press CTRL+C to quit)
2025-09-17 01:44:33,644 - werkzeug - INFO - 127.0.0.1 - - [17/Sep/2025 01:44:33] "GET / HTTP/1.1" 200 -
2025-09-17 01:44:34,009 - werkzeug - INFO - 127.0.0.1 - - [17/Sep/2025 01:44:34] "[33mGET /favicon.ico HTTP/1.1[0m" 404 -
2025-09-17 01:46:17,047 - werkzeug - INFO - 127.0.0.1 - - [17/Sep/2025 01:46:17] "POST /generate_routes HTTP/1.1" 200 -
2025-09-17 01:46:17,172 - werkzeug - INFO - 127.0.0.1 - - [17/Sep/2025 01:46:17] "GET /static/map/routes_map_00b68a77-d2d2-4a75-9663-8186411d2b2b.html HTTP/1.1" 200 -
2025-09-17 01:47:33,505 - werkzeug - INFO - 127.0.0.1 - - [17/Sep/2025 01:47:33] "POST /update_map HTTP/1.1" 200 -
2025-09-17 01:47:33,558 - werkzeug - INFO - 127.0.0.1 - - [17/Sep/2025 01:47:33] "GET /static/map/routes_map_00b68a77-d2d2-4a75-9663-8186411d2b2b.html HTTP/1.1" 200 -
2025-09-17 01:49:21,725 - werkzeug - INFO - 127.0.0.1 - - [17/Sep/2025 01:49:21] "POST /update_map HTTP/1.1" 200 -
2025-09-17 01:49:21,781 - werkzeug - INFO - 127.0.0.1 - - [17/Sep/2025 01:49:21] "GET /static/map/routes_map_00b68a77-d2d2-4a75-9663-8186411d2b2b.html HTTP/1.1" 200 -
2025-09-17 03:15:50,899 - werkzeug - INFO -  * Restarting with stat
2025-09-17 03:15:55,165 - werkzeug - WARNING -  * Debugger is active!
2025-09-17 03:15:55,168 - werkzeug - INFO -  * Debugger PIN: 872-277-736
2025-09-17 03:15:55,315 - werkzeug - WARNING -  * Running on all addresses.
   WARNING: This is a development server. Do not use it in a production deployment.
2025-09-17 03:15:55,315 - werkzeug - INFO -  * Running on http://192.168.1.30:5000/ (Press CTRL+C to quit)
2025-09-17 03:17:41,235 - werkzeug - INFO - 192.168.1.30 - - [17/Sep/2025 03:17:41] "GET / HTTP/1.1" 200 -
2025-09-17 03:17:41,590 - werkzeug - INFO - 192.168.1.30 - - [17/Sep/2025 03:17:41] "[33mGET /favicon.ico HTTP/1.1[0m" 404 -
2025-09-17 03:17:51,662 - werkzeug - INFO - 192.168.1.30 - - [17/Sep/2025 03:17:51] "[32mPOST /generate_routes HTTP/1.1[0m" 302 -
2025-09-17 03:17:51,668 - werkzeug - INFO - 192.168.1.30 - - [17/Sep/2025 03:17:51] "GET / HTTP/1.1" 200 -
2025-09-17 03:19:33,825 - werkzeug - INFO - 192.168.1.30 - - [17/Sep/2025 03:19:33] "POST /generate_routes HTTP/1.1" 200 -
2025-09-17 03:19:33,947 - werkzeug - INFO - 192.168.1.30 - - [17/Sep/2025 03:19:33] "GET /static/map/routes_map_650a88c7-495b-4fc2-88a9-1378881c92d6.html HTTP/1.1" 200 -
2025-09-17 03:21:51,603 - werkzeug - INFO -  * Detected change in 'C:\\Users\\shail\\Desktop\\Smart-Navigation-System\\Crime_Prediction\\route_calculations.py', reloading
2025-09-17 03:21:52,672 - werkzeug - INFO -  * Restarting with stat
2025-09-17 03:22:57,434 - werkzeug - INFO -  * Restarting with stat
2025-09-17 04:03:39,746 - werkzeug - INFO -  * Restarting with stat
2025-09-17 04:03:44,151 - werkzeug - WARNING -  * Debugger is active!
2025-09-17 04:03:44,154 - werkzeug - INFO -  * Debugger PIN: 872-277-736
2025-09-17 04:03:44,308 - werkzeug - WARNING -  * Running on all addresses.
   WARNING: This is a development server. Do not use it in a production deployment.
2025-09-17 04:03:44,308 - werkzeug - INFO -  * Running on http://192.168.1.30:5000/ (Press CTRL+C to quit)
2025-09-17 04:03:49,832 - werkzeug - INFO - 192.168.1.30 - - [17/Sep/2025 04:03:49] "GET / HTTP/1.1" 200 -
2025-09-17 04:03:50,122 - werkzeug - INFO - 192.168.1.30 - - [17/Sep/2025 04:03:50] "[33mGET /favicon.ico HTTP/1.1[0m" 404 -
2025-09-17 04:05:48,420 - werkzeug - INFO - 192.168.1.30 - - [17/Sep/2025 04:05:48] "POST /generate_routes HTTP/1.1" 200 -
2025-09-17 04:05:48,556 - werkzeug - INFO - 192.168.1.30 - - [17/Sep/2025 04:05:48] "GET /static/map/routes_map_15533cf6-afc3-427b-a8fe-29c7b010b35c.html HTTP/1.1" 200 -
2025-09-17 14:03:11,241 - __main__ - ERROR - Error loading data: 'date of occurrence'
2025-09-17 14:03:11,333 - werkzeug - INFO -  * Restarting with stat
2025-09-17 14:03:19,680 - __main__ - ERROR - Error loading data: 'date of occurrence'
2025-09-17 14:03:19,744 - werkzeug - WARNING -  * Debugger is active!
2025-09-17 14:03:19,762 - werkzeug - INFO -  * Debugger PIN: 872-277-736
2025-09-17 14:03:19,955 - werkzeug - WARNING -  * Running on all addresses.
   WARNING: This is a development server. Do not use it in a production deployment.
2025-09-17 14:03:19,955 - werkzeug - INFO -  * Running on http://192.168.1.30:5000/ (Press CTRL+C to quit)
2025-09-17 14:03:26,075 - werkzeug - INFO - 192.168.1.30 - - [17/Sep/2025 14:03:26] "GET / HTTP/1.1" 200 -
2025-09-17 14:03:26,266 - werkzeug - INFO - 192.168.1.30 - - [17/Sep/2025 14:03:26] "[33mGET /favicon.ico HTTP/1.1[0m" 404 -
2025-09-17 14:03:35,076 - __main__ - ERROR - Error calculating fastest route: 'NoneType' object has no attribute 'graph'
2025-09-17 14:03:35,077 - __main__ - ERROR - Error calculating safest route: 'NoneType' object has no attribute 'graph'
2025-09-17 14:03:35,077 - __main__ - ERROR - Error calculating optimized route: 'NoneType' object has no attribute 'graph'
2025-09-17 14:03:35,079 - werkzeug - INFO - 192.168.1.30 - - [17/Sep/2025 14:03:35] "[32mPOST /generate_routes HTTP/1.1[0m" 302 -
2025-09-17 14:03:35,087 - werkzeug - INFO - 192.168.1.30 - - [17/Sep/2025 14:03:35] "GET / HTTP/1.1" 200 -
2025-09-17 14:03:47,777 - __main__ - ERROR - Error calculating fastest route: 'NoneType' object has no attribute 'graph'
2025-09-17 14:03:47,779 - __main__ - ERROR - Error calculating safest route: 'NoneType' object has no attribute 'graph'
2025-09-17 14:03:47,779 - __main__ - ERROR - Error calculating optimized route: 'NoneType' object has no attribute 'graph'
2025-09-17 14:03:47,782 - werkzeug - INFO - 192.168.1.30 - - [17/Sep/2025 14:03:47] "[32mPOST /generate_routes HTTP/1.1[0m" 302 -
2025-09-17 14:03:47,791 - werkzeug - INFO - 192.168.1.30 - - [17/Sep/2025 14:03:47] "GET / HTTP/1.1" 200 -
2025-09-17 14:05:38,110 - werkzeug - INFO -  * Detected change in 'C:\\Users\\shail\\Desktop\\Smart-Navigation-System\\Crime_Prediction\\app.py', reloading
2025-09-17 14:05:39,190 - werkzeug - INFO -  * Restarting with stat
2025-09-17 14:05:49,677 - __main__ - ERROR - Error loading data: 'date of occurrence'
2025-09-17 14:05:49,745 - werkzeug - WARNING -  * Debugger is active!
2025-09-17 14:05:49,747 - werkzeug - INFO -  * Debugger PIN: 872-277-736
2025-09-17 14:05:49,960 - werkzeug - WARNING -  * Running on all addresses.
   WARNING: This is a development server. Do not use it in a production deployment.
2025-09-17 14:05:49,960 - werkzeug - INFO -  * Running on http://192.168.1.30:5000/ (Press CTRL+C to quit)
2025-09-17 14:05:50,151 - werkzeug - INFO - 192.168.1.30 - - [17/Sep/2025 14:05:50] "GET / HTTP/1.1" 200 -
2025-09-17 14:05:55,868 - werkzeug - INFO - 192.168.1.30 - - [17/Sep/2025 14:05:55] "[32mPOST /generate_routes HTTP/1.1[0m" 302 -
2025-09-17 14:05:55,878 - werkzeug - INFO - 192.168.1.30 - - [17/Sep/2025 14:05:55] "GET / HTTP/1.1" 200 -
2025-09-17 14:07:59,565 - werkzeug - INFO - 192.168.1.30 - - [17/Sep/2025 14:07:59] "[32mPOST /generate_routes HTTP/1.1[0m" 302 -
2025-09-17 14:07:59,574 - werkzeug - INFO - 192.168.1.30 - - [17/Sep/2025 14:07:59] "GET / HTTP/1.1" 200 -
2025-09-17 14:08:18,880 - __main__ - ERROR - Error loading data: 'date of occurrence'
2025-09-17 14:08:18,953 - werkzeug - INFO -  * Restarting with stat
2025-09-17 14:08:27,259 - __main__ - ERROR - Error loading data: 'date of occurrence'
2025-09-17 14:08:27,333 - werkzeug - WARNING -  * Debugger is active!
2025-09-17 14:08:27,336 - werkzeug - INFO -  * Debugger PIN: 872-277-736
2025-09-17 14:08:27,560 - werkzeug - WARNING -  * Running on all addresses.
   WARNING: This is a development server. Do not use it in a production deployment.
2025-09-17 14:08:27,560 - werkzeug - INFO -  * Running on http://192.168.1.30:5000/ (Press CTRL+C to quit)
2025-09-17 14:08:30,057 - werkzeug - INFO - 192.168.1.30 - - [17/Sep/2025 14:08:30] "GET / HTTP/1.1" 200 -
2025-09-17 14:08:36,638 - werkzeug - INFO - 192.168.1.30 - - [17/Sep/2025 14:08:36] "[32mPOST /generate_routes HTTP/1.1[0m" 302 -
2025-09-17 14:08:36,653 - werkzeug - INFO - 192.168.1.30 - - [17/Sep/2025 14:08:36] "GET / HTTP/1.1" 200 -
2025-09-17 14:11:35,665 - werkzeug - INFO -  * Detected change in 'C:\\Users\\shail\\Desktop\\Smart-Navigation-System\\Crime_Prediction\\app.py', reloading
2025-09-17 14:11:36,655 - werkzeug - INFO -  * Restarting with stat
2025-09-17 14:11:46,964 - __main__ - ERROR - AN ERROR OCCURRED WHILE LOADING PICKLE FILES: 'date of occurrence'
Traceback (most recent call last):
  File "C:\Users\shail\Desktop\Smart-Navigation-System\Crime_Prediction\venv311\Lib\site-packages\pandas\core\indexes\base.py", line 3812, in get_loc
    return self._engine.get_loc(casted_key)
           ^^^^^^^^^^^^^^^^^^^^^^^^^^^^^^^^
  File "pandas/_libs/index.pyx", line 167, in pandas._libs.index.IndexEngine.get_loc
  File "pandas/_libs/index.pyx", line 196, in pandas._libs.index.IndexEngine.get_loc
  File "pandas/_libs/hashtable_class_helper.pxi", line 7088, in pandas._libs.hashtable.PyObjectHashTable.get_item
  File "pandas/_libs/hashtable_class_helper.pxi", line 7096, in pandas._libs.hashtable.PyObjectHashTable.get_item
KeyError: 'date of occurrence'

The above exception was the direct cause of the following exception:

Traceback (most recent call last):
  File "C:\Users\shail\Desktop\Smart-Navigation-System\Crime_Prediction\app.py", line 59, in <module>
    crime_data['date'] = pd.to_datetime(crime_data['date of occurrence'], errors='coerce', dayfirst=True)
                                        ~~~~~~~~~~^^^^^^^^^^^^^^^^^^^^^^
  File "C:\Users\shail\Desktop\Smart-Navigation-System\Crime_Prediction\venv311\Lib\site-packages\pandas\core\frame.py", line 4107, in __getitem__
    indexer = self.columns.get_loc(key)
              ^^^^^^^^^^^^^^^^^^^^^^^^^
  File "C:\Users\shail\Desktop\Smart-Navigation-System\Crime_Prediction\venv311\Lib\site-packages\pandas\core\indexes\base.py", line 3819, in get_loc
    raise KeyError(key) from err
KeyError: 'date of occurrence'
2025-09-17 14:11:47,119 - werkzeug - WARNING -  * Debugger is active!
2025-09-17 14:11:47,123 - werkzeug - INFO -  * Debugger PIN: 872-277-736
2025-09-17 14:11:47,324 - werkzeug - WARNING -  * Running on all addresses.
   WARNING: This is a development server. Do not use it in a production deployment.
2025-09-17 14:11:47,324 - werkzeug - INFO -  * Running on http://192.168.1.30:5000/ (Press CTRL+C to quit)
2025-09-17 14:11:51,224 - werkzeug - INFO - 192.168.1.30 - - [17/Sep/2025 14:11:51] "[32mPOST /generate_routes HTTP/1.1[0m" 302 -
2025-09-17 14:11:51,241 - werkzeug - INFO - 192.168.1.30 - - [17/Sep/2025 14:11:51] "GET / HTTP/1.1" 200 -
2025-09-17 14:11:55,593 - werkzeug - INFO - 192.168.1.30 - - [17/Sep/2025 14:11:55] "GET / HTTP/1.1" 200 -
2025-09-17 14:11:55,798 - werkzeug - INFO - 192.168.1.30 - - [17/Sep/2025 14:11:55] "GET / HTTP/1.1" 200 -
2025-09-17 14:11:56,014 - werkzeug - INFO - 192.168.1.30 - - [17/Sep/2025 14:11:56] "GET / HTTP/1.1" 200 -
2025-09-17 14:12:00,918 - werkzeug - INFO - 192.168.1.30 - - [17/Sep/2025 14:12:00] "[32mPOST /generate_routes HTTP/1.1[0m" 302 -
2025-09-17 14:12:00,931 - werkzeug - INFO - 192.168.1.30 - - [17/Sep/2025 14:12:00] "GET / HTTP/1.1" 200 -
2025-09-17 14:12:15,171 - werkzeug - INFO -  * Detected change in 'C:\\Users\\shail\\Desktop\\Smart-Navigation-System\\Crime_Prediction\\app.py', reloading
2025-09-17 14:12:16,172 - werkzeug - INFO -  * Restarting with stat
2025-09-17 14:12:36,570 - werkzeug - INFO -  * Restarting with stat
2025-09-17 14:12:44,105 - werkzeug - WARNING -  * Debugger is active!
2025-09-17 14:12:44,109 - werkzeug - INFO -  * Debugger PIN: 872-277-736
2025-09-17 14:12:44,329 - werkzeug - WARNING -  * Running on all addresses.
   WARNING: This is a development server. Do not use it in a production deployment.
2025-09-17 14:12:44,329 - werkzeug - INFO -  * Running on http://192.168.1.30:5000/ (Press CTRL+C to quit)
2025-09-17 14:12:44,522 - werkzeug - INFO - 192.168.1.30 - - [17/Sep/2025 14:12:44] "GET / HTTP/1.1" 200 -
2025-09-17 14:15:05,482 - werkzeug - INFO - 192.168.1.30 - - [17/Sep/2025 14:15:05] "POST /generate_routes HTTP/1.1" 200 -
2025-09-17 14:15:05,659 - werkzeug - INFO - 192.168.1.30 - - [17/Sep/2025 14:15:05] "GET /static/map/routes_map_e0b421ec-ff26-4dba-ae4a-b5b7e84ff51f.html HTTP/1.1" 200 -
2025-09-17 14:33:04,052 - __main__ - INFO - Loading all graphs and crime data...
2025-09-17 14:33:12,298 - __main__ - ERROR - FATAL: Could not load pre-computed graph files. Run 'precompute_weighted_graphs.py' first. Error: 'date of occurrence'
Traceback (most recent call last):
  File "C:\Users\shail\Desktop\Smart-Navigation-System\Crime_Prediction\venv311\Lib\site-packages\pandas\core\indexes\base.py", line 3812, in get_loc
    return self._engine.get_loc(casted_key)
           ^^^^^^^^^^^^^^^^^^^^^^^^^^^^^^^^
  File "pandas/_libs/index.pyx", line 167, in pandas._libs.index.IndexEngine.get_loc
  File "pandas/_libs/index.pyx", line 196, in pandas._libs.index.IndexEngine.get_loc
  File "pandas/_libs/hashtable_class_helper.pxi", line 7088, in pandas._libs.hashtable.PyObjectHashTable.get_item
  File "pandas/_libs/hashtable_class_helper.pxi", line 7096, in pandas._libs.hashtable.PyObjectHashTable.get_item
KeyError: 'date of occurrence'

The above exception was the direct cause of the following exception:

Traceback (most recent call last):
  File "C:\Users\shail\Desktop\Smart-Navigation-System\Crime_Prediction\app.py", line 53, in <module>
    crime_data['date'] = pd.to_datetime(crime_data['date of occurrence'], errors='coerce', dayfirst=True)
                                        ~~~~~~~~~~^^^^^^^^^^^^^^^^^^^^^^
  File "C:\Users\shail\Desktop\Smart-Navigation-System\Crime_Prediction\venv311\Lib\site-packages\pandas\core\frame.py", line 4107, in __getitem__
    indexer = self.columns.get_loc(key)
              ^^^^^^^^^^^^^^^^^^^^^^^^^
  File "C:\Users\shail\Desktop\Smart-Navigation-System\Crime_Prediction\venv311\Lib\site-packages\pandas\core\indexes\base.py", line 3819, in get_loc
    raise KeyError(key) from err
KeyError: 'date of occurrence'
2025-09-17 14:33:12,319 - werkzeug - INFO -  * Restarting with stat
2025-09-17 14:33:15,517 - __main__ - INFO - Loading all graphs and crime data...
2025-09-17 14:33:22,721 - __main__ - ERROR - FATAL: Could not load pre-computed graph files. Run 'precompute_weighted_graphs.py' first. Error: 'date of occurrence'
Traceback (most recent call last):
  File "C:\Users\shail\Desktop\Smart-Navigation-System\Crime_Prediction\venv311\Lib\site-packages\pandas\core\indexes\base.py", line 3812, in get_loc
    return self._engine.get_loc(casted_key)
           ^^^^^^^^^^^^^^^^^^^^^^^^^^^^^^^^
  File "pandas/_libs/index.pyx", line 167, in pandas._libs.index.IndexEngine.get_loc
  File "pandas/_libs/index.pyx", line 196, in pandas._libs.index.IndexEngine.get_loc
  File "pandas/_libs/hashtable_class_helper.pxi", line 7088, in pandas._libs.hashtable.PyObjectHashTable.get_item
  File "pandas/_libs/hashtable_class_helper.pxi", line 7096, in pandas._libs.hashtable.PyObjectHashTable.get_item
KeyError: 'date of occurrence'

The above exception was the direct cause of the following exception:

Traceback (most recent call last):
  File "C:\Users\shail\Desktop\Smart-Navigation-System\Crime_Prediction\app.py", line 53, in <module>
    crime_data['date'] = pd.to_datetime(crime_data['date of occurrence'], errors='coerce', dayfirst=True)
                                        ~~~~~~~~~~^^^^^^^^^^^^^^^^^^^^^^
  File "C:\Users\shail\Desktop\Smart-Navigation-System\Crime_Prediction\venv311\Lib\site-packages\pandas\core\frame.py", line 4107, in __getitem__
    indexer = self.columns.get_loc(key)
              ^^^^^^^^^^^^^^^^^^^^^^^^^
  File "C:\Users\shail\Desktop\Smart-Navigation-System\Crime_Prediction\venv311\Lib\site-packages\pandas\core\indexes\base.py", line 3819, in get_loc
    raise KeyError(key) from err
KeyError: 'date of occurrence'
2025-09-17 14:33:22,739 - werkzeug - WARNING -  * Debugger is active!
2025-09-17 14:33:22,743 - werkzeug - INFO -  * Debugger PIN: 872-277-736
2025-09-17 14:33:22,931 - werkzeug - WARNING -  * Running on all addresses.
   WARNING: This is a development server. Do not use it in a production deployment.
2025-09-17 14:33:22,931 - werkzeug - INFO -  * Running on http://192.168.1.30:5000/ (Press CTRL+C to quit)
2025-09-17 14:33:28,109 - werkzeug - INFO - 192.168.1.30 - - [17/Sep/2025 14:33:28] "GET / HTTP/1.1" 200 -
2025-09-17 14:33:29,671 - werkzeug - INFO - 192.168.1.30 - - [17/Sep/2025 14:33:29] "GET / HTTP/1.1" 200 -
2025-09-17 14:33:44,178 - __main__ - ERROR - Error in update_map: 'date'
2025-09-17 14:33:44,181 - werkzeug - INFO - 192.168.1.30 - - [17/Sep/2025 14:33:44] "[32mPOST /generate_routes HTTP/1.1[0m" 302 -
2025-09-17 14:33:44,187 - werkzeug - INFO - 192.168.1.30 - - [17/Sep/2025 14:33:44] "GET / HTTP/1.1" 200 -
2025-09-17 14:36:27,043 - werkzeug - INFO -  * Detected change in 'C:\\Users\\shail\\Desktop\\Smart-Navigation-System\\Crime_Prediction\\app.py', reloading
2025-09-17 14:36:29,032 - werkzeug - INFO -  * Restarting with stat
2025-09-17 14:36:33,286 - __main__ - INFO - Loading all pre-computed graphs and crime data...
2025-09-17 14:36:41,771 - __main__ - INFO - All data loaded successfully.
2025-09-17 14:36:41,783 - werkzeug - WARNING -  * Debugger is active!
2025-09-17 14:36:41,788 - werkzeug - INFO -  * Debugger PIN: 872-277-736
2025-09-17 14:36:41,982 - werkzeug - WARNING -  * Running on all addresses.
   WARNING: This is a development server. Do not use it in a production deployment.
2025-09-17 14:36:41,982 - werkzeug - INFO -  * Running on http://192.168.1.30:5000/ (Press CTRL+C to quit)
2025-09-17 14:36:43,510 - werkzeug - INFO - 192.168.1.30 - - [17/Sep/2025 14:36:43] "GET / HTTP/1.1" 200 -
2025-09-17 14:38:16,667 - werkzeug - INFO - 192.168.1.30 - - [17/Sep/2025 14:38:16] "POST /generate_routes HTTP/1.1" 200 -
2025-09-17 14:38:16,845 - werkzeug - INFO - 192.168.1.30 - - [17/Sep/2025 14:38:16] "GET /static/map/routes_map_e0b421ec-ff26-4dba-ae4a-b5b7e84ff51f.html HTTP/1.1" 200 -
2025-09-17 14:39:42,617 - werkzeug - INFO -  * Detected change in 'C:\\Users\\shail\\Desktop\\Smart-Navigation-System\\Crime_Prediction\\precompute_weighted_graphs.py', reloading
2025-09-17 14:43:43,630 - __main__ - INFO - Loading all pre-computed data...
2025-09-17 14:43:52,547 - __main__ - INFO - All data loaded successfully.
2025-09-17 14:43:52,570 - werkzeug - INFO -  * Restarting with stat
2025-09-17 14:43:55,777 - __main__ - INFO - Loading all pre-computed data...
2025-09-17 14:44:03,771 - __main__ - INFO - All data loaded successfully.
2025-09-17 14:44:03,790 - werkzeug - WARNING -  * Debugger is active!
2025-09-17 14:44:03,793 - werkzeug - INFO -  * Debugger PIN: 872-277-736
2025-09-17 14:44:03,986 - werkzeug - WARNING -  * Running on all addresses.
   WARNING: This is a development server. Do not use it in a production deployment.
2025-09-17 14:44:03,986 - werkzeug - INFO -  * Running on http://192.168.1.30:5000/ (Press CTRL+C to quit)
2025-09-17 14:44:07,457 - werkzeug - INFO - 192.168.1.30 - - [17/Sep/2025 14:44:07] "GET / HTTP/1.1" 200 -
2025-09-17 14:45:40,510 - werkzeug - INFO - 192.168.1.30 - - [17/Sep/2025 14:45:40] "POST /generate_routes HTTP/1.1" 200 -
2025-09-17 14:45:40,699 - werkzeug - INFO - 192.168.1.30 - - [17/Sep/2025 14:45:40] "GET /static/map/routes_map_e0b421ec-ff26-4dba-ae4a-b5b7e84ff51f.html HTTP/1.1" 200 -
2025-09-17 14:47:26,747 - werkzeug - INFO - 192.168.1.30 - - [17/Sep/2025 14:47:26] "POST /update_map HTTP/1.1" 200 -
2025-09-17 14:47:26,865 - werkzeug - INFO - 192.168.1.30 - - [17/Sep/2025 14:47:26] "GET /static/map/routes_map_e0b421ec-ff26-4dba-ae4a-b5b7e84ff51f.html HTTP/1.1" 200 -
2025-09-17 14:47:52,450 - werkzeug - INFO -  * Detected change in 'C:\\Users\\shail\\Desktop\\Smart-Navigation-System\\Crime_Prediction\\precompute_weighted_graphs.py', reloading
2025-09-17 14:47:54,621 - werkzeug - INFO -  * Restarting with stat
2025-09-17 14:47:58,855 - __main__ - INFO - Loading all pre-computed data...
2025-09-17 14:48:07,414 - __main__ - INFO - All data loaded successfully.
2025-09-17 14:48:07,435 - werkzeug - WARNING -  * Debugger is active!
2025-09-17 14:48:07,440 - werkzeug - INFO -  * Debugger PIN: 872-277-736
2025-09-17 14:48:07,671 - werkzeug - WARNING -  * Running on all addresses.
   WARNING: This is a development server. Do not use it in a production deployment.
2025-09-17 14:48:07,671 - werkzeug - INFO -  * Running on http://192.168.1.30:5000/ (Press CTRL+C to quit)
2025-09-17 14:48:12,858 - werkzeug - INFO -  * Detected change in 'C:\\Users\\shail\\Desktop\\Smart-Navigation-System\\Crime_Prediction\\route_calculations.py', reloading
2025-09-17 14:48:15,088 - werkzeug - INFO -  * Restarting with stat
2025-09-17 14:50:20,473 - __main__ - INFO - Loading all pre-computed data...
2025-09-17 14:50:28,823 - __main__ - INFO - All data loaded successfully.
2025-09-17 14:50:28,841 - werkzeug - INFO -  * Restarting with stat
2025-09-17 14:50:31,777 - __main__ - INFO - Loading all pre-computed data...
2025-09-17 14:50:38,823 - __main__ - INFO - All data loaded successfully.
2025-09-17 14:50:38,833 - werkzeug - WARNING -  * Debugger is active!
2025-09-17 14:50:38,838 - werkzeug - INFO -  * Debugger PIN: 872-277-736
2025-09-17 14:50:39,027 - werkzeug - WARNING -  * Running on all addresses.
   WARNING: This is a development server. Do not use it in a production deployment.
2025-09-17 14:50:39,027 - werkzeug - INFO -  * Running on http://192.168.1.30:5000/ (Press CTRL+C to quit)
2025-09-17 14:50:41,299 - werkzeug - INFO - 192.168.1.30 - - [17/Sep/2025 14:50:41] "GET / HTTP/1.1" 200 -
2025-09-17 14:50:42,641 - werkzeug - INFO - 192.168.1.30 - - [17/Sep/2025 14:50:42] "GET / HTTP/1.1" 200 -
2025-09-17 14:51:07,860 - __main__ - ERROR - Error in update_map: 'precomputed_severity'
Traceback (most recent call last):
  File "C:\Users\shail\Desktop\Smart-Navigation-System\Crime_Prediction\venv311\Lib\site-packages\pandas\core\indexes\base.py", line 3812, in get_loc
    return self._engine.get_loc(casted_key)
           ^^^^^^^^^^^^^^^^^^^^^^^^^^^^^^^^
  File "pandas/_libs/index.pyx", line 167, in pandas._libs.index.IndexEngine.get_loc
  File "pandas/_libs/index.pyx", line 196, in pandas._libs.index.IndexEngine.get_loc
  File "pandas/_libs/hashtable_class_helper.pxi", line 7088, in pandas._libs.hashtable.PyObjectHashTable.get_item
  File "pandas/_libs/hashtable_class_helper.pxi", line 7096, in pandas._libs.hashtable.PyObjectHashTable.get_item
KeyError: 'precomputed_severity'

The above exception was the direct cause of the following exception:

Traceback (most recent call last):
  File "C:\Users\shail\Desktop\Smart-Navigation-System\Crime_Prediction\app.py", line 172, in update_map
    add_route_to_map(routes[r_type]['route'], G, color, r_type, routes[r_type]['distance'])
  File "C:\Users\shail\Desktop\Smart-Navigation-System\Crime_Prediction\app.py", line 164, in add_route_to_map
    total_severity, crime_types = get_route_crime_details(graph, route, crime_data, radius=0.005)
                                  ^^^^^^^^^^^^^^^^^^^^^^^^^^^^^^^^^^^^^^^^^^^^^^^^^^^^^^^^^^^^^^^
  File "C:\Users\shail\Desktop\Smart-Navigation-System\Crime_Prediction\route_calculations.py", line 98, in get_route_crime_details
    severity = crime['precomputed_severity']
               ~~~~~^^^^^^^^^^^^^^^^^^^^^^^^
  File "C:\Users\shail\Desktop\Smart-Navigation-System\Crime_Prediction\venv311\Lib\site-packages\pandas\core\series.py", line 1130, in __getitem__
    return self._get_value(key)
           ^^^^^^^^^^^^^^^^^^^^
  File "C:\Users\shail\Desktop\Smart-Navigation-System\Crime_Prediction\venv311\Lib\site-packages\pandas\core\series.py", line 1246, in _get_value
    loc = self.index.get_loc(label)
          ^^^^^^^^^^^^^^^^^^^^^^^^^
  File "C:\Users\shail\Desktop\Smart-Navigation-System\Crime_Prediction\venv311\Lib\site-packages\pandas\core\indexes\base.py", line 3819, in get_loc
    raise KeyError(key) from err
KeyError: 'precomputed_severity'
2025-09-17 14:51:07,915 - werkzeug - INFO - 192.168.1.30 - - [17/Sep/2025 14:51:07] "[32mPOST /generate_routes HTTP/1.1[0m" 302 -
2025-09-17 14:51:07,925 - werkzeug - INFO - 192.168.1.30 - - [17/Sep/2025 14:51:07] "GET / HTTP/1.1" 200 -
2025-09-17 14:57:48,315 - __main__ - INFO - Loading all pre-computed data...
2025-09-17 14:57:56,074 - __main__ - INFO - All data loaded successfully.
2025-09-17 14:57:56,090 - werkzeug - INFO -  * Restarting with stat
2025-09-17 14:58:08,508 - __main__ - INFO - Loading all pre-computed data...
2025-09-17 14:58:16,361 - __main__ - INFO - All data loaded successfully.
2025-09-17 14:58:16,374 - werkzeug - WARNING -  * Debugger is active!
2025-09-17 14:58:16,379 - werkzeug - INFO -  * Debugger PIN: 872-277-736
2025-09-17 14:58:16,571 - werkzeug - WARNING -  * Running on all addresses.
   WARNING: This is a development server. Do not use it in a production deployment.
2025-09-17 14:58:16,572 - werkzeug - INFO -  * Running on http://192.168.1.30:5000/ (Press CTRL+C to quit)
2025-09-17 14:58:17,490 - werkzeug - INFO - 192.168.1.30 - - [17/Sep/2025 14:58:17] "GET / HTTP/1.1" 200 -
2025-09-17 14:58:33,874 - werkzeug - INFO - 192.168.1.30 - - [17/Sep/2025 14:58:33] "POST /generate_routes HTTP/1.1" 200 -
2025-09-17 14:58:34,064 - werkzeug - INFO - 192.168.1.30 - - [17/Sep/2025 14:58:34] "GET /static/map/routes_map_e0b421ec-ff26-4dba-ae4a-b5b7e84ff51f.html HTTP/1.1" 200 -
2025-09-17 14:58:40,387 - werkzeug - INFO - 192.168.1.30 - - [17/Sep/2025 14:58:40] "GET / HTTP/1.1" 200 -
2025-09-17 14:58:52,610 - werkzeug - INFO - 192.168.1.30 - - [17/Sep/2025 14:58:52] "POST /generate_routes HTTP/1.1" 200 -
2025-09-17 14:58:52,731 - werkzeug - INFO - 192.168.1.30 - - [17/Sep/2025 14:58:52] "GET /static/map/routes_map_e0b421ec-ff26-4dba-ae4a-b5b7e84ff51f.html HTTP/1.1" 200 -
2025-09-17 14:59:01,118 - werkzeug - INFO - 192.168.1.30 - - [17/Sep/2025 14:59:01] "POST /update_map HTTP/1.1" 200 -
2025-09-17 14:59:01,249 - werkzeug - INFO - 192.168.1.30 - - [17/Sep/2025 14:59:01] "GET /static/map/routes_map_e0b421ec-ff26-4dba-ae4a-b5b7e84ff51f.html HTTP/1.1" 200 -
2025-09-17 14:59:05,126 - werkzeug - INFO - 192.168.1.30 - - [17/Sep/2025 14:59:05] "POST /update_map HTTP/1.1" 200 -
2025-09-17 14:59:05,244 - werkzeug - INFO - 192.168.1.30 - - [17/Sep/2025 14:59:05] "GET /static/map/routes_map_e0b421ec-ff26-4dba-ae4a-b5b7e84ff51f.html HTTP/1.1" 200 -
2025-09-17 14:59:07,579 - werkzeug - INFO - 192.168.1.30 - - [17/Sep/2025 14:59:07] "POST /update_map HTTP/1.1" 200 -
2025-09-17 14:59:07,695 - werkzeug - INFO - 192.168.1.30 - - [17/Sep/2025 14:59:07] "GET /static/map/routes_map_e0b421ec-ff26-4dba-ae4a-b5b7e84ff51f.html HTTP/1.1" 200 -
2025-09-17 14:59:09,790 - werkzeug - INFO - 192.168.1.30 - - [17/Sep/2025 14:59:09] "POST /update_map HTTP/1.1" 200 -
2025-09-17 14:59:09,908 - werkzeug - INFO - 192.168.1.30 - - [17/Sep/2025 14:59:09] "GET /static/map/routes_map_e0b421ec-ff26-4dba-ae4a-b5b7e84ff51f.html HTTP/1.1" 200 -
2025-09-17 14:59:12,121 - werkzeug - INFO - 192.168.1.30 - - [17/Sep/2025 14:59:12] "POST /update_map HTTP/1.1" 200 -
2025-09-17 14:59:12,261 - werkzeug - INFO - 192.168.1.30 - - [17/Sep/2025 14:59:12] "GET /static/map/routes_map_e0b421ec-ff26-4dba-ae4a-b5b7e84ff51f.html HTTP/1.1" 200 -
2025-09-17 14:59:14,546 - werkzeug - INFO - 192.168.1.30 - - [17/Sep/2025 14:59:14] "POST /update_map HTTP/1.1" 200 -
2025-09-17 14:59:14,666 - werkzeug - INFO - 192.168.1.30 - - [17/Sep/2025 14:59:14] "GET /static/map/routes_map_e0b421ec-ff26-4dba-ae4a-b5b7e84ff51f.html HTTP/1.1" 200 -
2025-09-17 15:18:03,918 - __main__ - INFO - Loading all pre-computed data...
2025-09-17 15:18:12,305 - __main__ - INFO - All data loaded successfully.
2025-09-17 15:18:12,321 - werkzeug - INFO -  * Restarting with stat
2025-09-17 15:18:15,377 - __main__ - INFO - Loading all pre-computed data...
2025-09-17 15:18:22,653 - __main__ - INFO - All data loaded successfully.
2025-09-17 15:18:22,663 - werkzeug - WARNING -  * Debugger is active!
2025-09-17 15:18:22,668 - werkzeug - INFO -  * Debugger PIN: 872-277-736
2025-09-17 15:18:22,853 - werkzeug - WARNING -  * Running on all addresses.
   WARNING: This is a development server. Do not use it in a production deployment.
2025-09-17 15:18:22,853 - werkzeug - INFO -  * Running on http://192.168.1.30:5000/ (Press CTRL+C to quit)
2025-09-17 15:18:28,546 - werkzeug - INFO - 192.168.1.30 - - [17/Sep/2025 15:18:28] "GET / HTTP/1.1" 200 -
2025-09-17 15:18:42,827 - werkzeug - INFO - 192.168.1.30 - - [17/Sep/2025 15:18:42] "POST /generate_routes HTTP/1.1" 200 -
2025-09-17 15:18:43,011 - werkzeug - INFO - 192.168.1.30 - - [17/Sep/2025 15:18:43] "GET /static/map/routes_map_e0b421ec-ff26-4dba-ae4a-b5b7e84ff51f.html HTTP/1.1" 200 -
2025-09-17 15:18:50,473 - werkzeug - INFO - 192.168.1.30 - - [17/Sep/2025 15:18:50] "GET / HTTP/1.1" 200 -
2025-09-17 15:19:01,806 - werkzeug - INFO - 192.168.1.30 - - [17/Sep/2025 15:19:01] "POST /generate_routes HTTP/1.1" 200 -
2025-09-17 15:19:01,925 - werkzeug - INFO - 192.168.1.30 - - [17/Sep/2025 15:19:01] "GET /static/map/routes_map_e0b421ec-ff26-4dba-ae4a-b5b7e84ff51f.html HTTP/1.1" 200 -
2025-09-17 15:41:10,786 - __main__ - INFO - Loading all pre-computed data...
2025-09-17 15:41:19,378 - __main__ - INFO - All data loaded successfully.
2025-09-17 15:41:19,399 - werkzeug - INFO -  * Restarting with stat
2025-09-17 15:41:22,452 - __main__ - INFO - Loading all pre-computed data...
2025-09-17 15:41:29,445 - __main__ - INFO - All data loaded successfully.
2025-09-17 15:41:29,455 - werkzeug - WARNING -  * Debugger is active!
2025-09-17 15:41:29,459 - werkzeug - INFO -  * Debugger PIN: 872-277-736
2025-09-17 15:41:29,649 - werkzeug - WARNING -  * Running on all addresses.
   WARNING: This is a development server. Do not use it in a production deployment.
2025-09-17 15:41:29,649 - werkzeug - INFO -  * Running on http://192.168.1.30:5000/ (Press CTRL+C to quit)
2025-09-17 15:41:35,501 - werkzeug - INFO - 192.168.1.30 - - [17/Sep/2025 15:41:35] "GET / HTTP/1.1" 200 -
2025-09-17 15:41:56,525 - werkzeug - INFO - 192.168.1.30 - - [17/Sep/2025 15:41:56] "POST /generate_routes HTTP/1.1" 200 -
2025-09-17 15:41:56,712 - werkzeug - INFO - 192.168.1.30 - - [17/Sep/2025 15:41:56] "GET /static/map/routes_map_e0b421ec-ff26-4dba-ae4a-b5b7e84ff51f.html HTTP/1.1" 200 -
2025-09-17 15:42:02,618 - werkzeug - INFO - 192.168.1.30 - - [17/Sep/2025 15:42:02] "POST /update_map HTTP/1.1" 200 -
2025-09-17 15:42:02,755 - werkzeug - INFO - 192.168.1.30 - - [17/Sep/2025 15:42:02] "GET /static/map/routes_map_e0b421ec-ff26-4dba-ae4a-b5b7e84ff51f.html HTTP/1.1" 200 -
2025-09-17 15:42:05,337 - werkzeug - INFO - 192.168.1.30 - - [17/Sep/2025 15:42:05] "POST /update_map HTTP/1.1" 200 -
2025-09-17 15:42:05,459 - werkzeug - INFO - 192.168.1.30 - - [17/Sep/2025 15:42:05] "GET /static/map/routes_map_e0b421ec-ff26-4dba-ae4a-b5b7e84ff51f.html HTTP/1.1" 200 -
2025-09-17 16:39:15,471 - __main__ - INFO - Loading all pre-computed data...
2025-09-17 16:39:21,799 - __main__ - INFO - All data loaded successfully.
2025-09-17 16:39:21,812 - werkzeug - INFO -  * Restarting with stat
2025-09-17 16:39:24,229 - __main__ - INFO - Loading all pre-computed data...
2025-09-17 16:39:30,190 - __main__ - INFO - All data loaded successfully.
2025-09-17 16:39:30,199 - werkzeug - WARNING -  * Debugger is active!
2025-09-17 16:39:30,203 - werkzeug - INFO -  * Debugger PIN: 872-277-736
2025-09-17 16:39:30,344 - werkzeug - WARNING -  * Running on all addresses.
   WARNING: This is a development server. Do not use it in a production deployment.
2025-09-17 16:39:30,344 - werkzeug - INFO -  * Running on http://192.168.1.30:5000/ (Press CTRL+C to quit)
2025-09-17 16:39:37,642 - werkzeug - INFO - 192.168.1.30 - - [17/Sep/2025 16:39:37] "GET / HTTP/1.1" 200 -
2025-09-17 16:39:58,965 - werkzeug - INFO - 192.168.1.30 - - [17/Sep/2025 16:39:58] "POST /generate_routes HTTP/1.1" 200 -
2025-09-17 16:39:59,108 - werkzeug - INFO - 192.168.1.30 - - [17/Sep/2025 16:39:59] "GET /static/map/routes_map_e0b421ec-ff26-4dba-ae4a-b5b7e84ff51f.html HTTP/1.1" 200 -
2025-09-17 16:40:15,565 - werkzeug - INFO - 192.168.1.30 - - [17/Sep/2025 16:40:15] "POST /update_map HTTP/1.1" 200 -
2025-09-17 16:40:15,642 - werkzeug - INFO - 192.168.1.30 - - [17/Sep/2025 16:40:15] "GET /static/map/routes_map_e0b421ec-ff26-4dba-ae4a-b5b7e84ff51f.html HTTP/1.1" 200 -
2025-09-17 16:41:29,094 - werkzeug - INFO - 192.168.1.30 - - [17/Sep/2025 16:41:29] "POST /update_map HTTP/1.1" 200 -
2025-09-17 16:41:29,182 - werkzeug - INFO - 192.168.1.30 - - [17/Sep/2025 16:41:29] "GET /static/map/routes_map_e0b421ec-ff26-4dba-ae4a-b5b7e84ff51f.html HTTP/1.1" 200 -
2025-09-17 16:41:48,451 - werkzeug - INFO - 192.168.1.30 - - [17/Sep/2025 16:41:48] "GET / HTTP/1.1" 200 -
